<?xml version="1.0" encoding="UTF-8"?>
<!-- Generated by org.testng.reporters.JUnitReportReporter -->
<testsuite hostname="DESKTOP-BEM1QJM" failures="0" tests="1" name="javaScriptExecutor.ScrollTomethod" time="123.655" errors="0" timestamp="2025-09-08T15:25:35 IST" skipped="0">
  <testcase classname="javaScriptExecutor.ScrollTomethod" name="scrollToTest" time="123.655"/>
  <system-out/>
</testsuite> <!-- javaScriptExecutor.ScrollTomethod -->
