<?xml version="1.0" encoding="UTF-8"?>
<!-- Generated by org.testng.reporters.JUnitReportReporter -->
<testsuite hostname="DESKTOP-BEM1QJM" failures="0" tests="1" name="lacators.Cssselector1" time="21.046" errors="0" timestamp="2025-07-30T12:40:19 IST" skipped="0">
  <testcase classname="lacators.Cssselector1" name="searchTest" time="21.046"/>
  <system-out/>
</testsuite> <!-- lacators.Cssselector1 -->
