<?xml version="1.0" encoding="UTF-8"?>
<!-- Generated by org.testng.reporters.JUnitReportReporter -->
<testsuite hostname="DESKTOP-BEM1QJM" failures="0" tests="1" name="basic.ReportTest" time="5.066" errors="0" timestamp="2025-08-20T13:10:44 IST" skipped="0">
  <testcase classname="basic.ReportTest" name="report1Test" time="5.066"/>
  <system-out/>
</testsuite> <!-- basic.ReportTest -->
