<?xml version="1.0" encoding="UTF-8"?>
<!-- Generated by org.testng.reporters.JUnitReportReporter -->
<testsuite hostname="DESKTOP-BEM1QJM" failures="0" tests="1" name="lacators.Linktext" time="10.228" errors="0" timestamp="2025-07-26T16:41:33 IST" skipped="0">
  <testcase classname="lacators.Linktext" name="linkTest" time="10.228"/>
  <system-out/>
</testsuite> <!-- lacators.Linktext -->
