<?xml version="1.0" encoding="UTF-8"?>
<!-- Generated by org.testng.reporters.JUnitReportReporter -->
<testsuite hostname="DESKTOP-BEM1QJM" failures="0" tests="1" name="javaScriptExecutor.hiddenElement" time="82.030" errors="0" timestamp="2025-09-09T15:00:14 IST" skipped="0">
  <testcase classname="javaScriptExecutor.hiddenElement" name="HiddenElementTest" time="82.030"/>
  <system-out/>
</testsuite> <!-- javaScriptExecutor.hiddenElement -->
