<?xml version="1.0" encoding="UTF-8"?>
<!-- Generated by org.testng.reporters.JUnitReportReporter -->
<testsuite hostname="DESKTOP-BEM1QJM" failures="0" tests="1" name="assignments.Demoapps" time="28.778" errors="0" timestamp="2025-08-01T14:08:30 IST" skipped="0">
  <testcase classname="assignments.Demoapps" name="demoappsTest" time="28.778"/>
  <system-out/>
</testsuite> <!-- assignments.Demoapps -->
