<?xml version="1.0" encoding="UTF-8"?>
<!-- Generated by org.testng.reporters.JUnitReportReporter -->
<testsuite hostname="DESKTOP-BEM1QJM" failures="0" tests="1" name="dataDrivenTesting.CommondataTest" time="78.282" errors="0" timestamp="2025-08-22T14:11:57 IST" skipped="0">
  <testcase classname="dataDrivenTesting.CommondataTest" name="commonTest" time="78.282"/>
  <system-out/>
</testsuite> <!-- dataDrivenTesting.CommondataTest -->
