<?xml version="1.0" encoding="UTF-8"?>
<!-- Generated by org.testng.reporters.JUnitReportReporter -->
<testsuite hostname="DESKTOP-BEM1QJM" failures="0" tests="1" name="switchto.Switchto1" time="22.410" errors="0" timestamp="2025-08-21T12:57:02 IST" skipped="0">
  <testcase classname="switchto.Switchto1" name="switchtoTest" time="22.410"/>
  <system-out/>
</testsuite> <!-- switchto.Switchto1 -->
