<?xml version="1.0" encoding="UTF-8"?>
<!-- Generated by org.testng.reporters.JUnitReportReporter -->
<testsuite hostname="DESKTOP-BEM1QJM" failures="0" tests="1" name="lacators.Getwindowhandle" time="43.807" errors="0" timestamp="2025-07-30T15:22:05 IST" skipped="0">
  <testcase classname="lacators.Getwindowhandle" name="getwindowhandleTest" time="43.807"/>
  <system-out/>
</testsuite> <!-- lacators.Getwindowhandle -->
