<?xml version="1.0" encoding="UTF-8"?>
<!-- Generated by org.testng.reporters.JUnitReportReporter -->
<testsuite hostname="DESKTOP-BEM1QJM" failures="0" tests="1" name="basic.GetpageSource" time="4.152" errors="0" timestamp="2025-07-22T15:27:29 IST" skipped="0">
  <testcase classname="basic.GetpageSource" name="getpageTest" time="4.152"/>
  <system-out/>
</testsuite> <!-- basic.GetpageSource -->
