<?xml version="1.0" encoding="UTF-8"?>
<!-- Generated by org.testng.reporters.JUnitReportReporter -->
<testsuite hostname="DESKTOP-BEM1QJM" failures="0" tests="1" name="basic.ManageTest" time="6.709" errors="0" timestamp="2025-07-22T15:16:46 IST" skipped="0">
  <testcase classname="basic.ManageTest" name="getPositionTest" time="6.709"/>
  <system-out/>
</testsuite> <!-- basic.ManageTest -->
