<?xml version="1.0" encoding="UTF-8"?>
<!-- Generated by org.testng.reporters.JUnitReportReporter -->
<testsuite hostname="DESKTOP-BEM1QJM" failures="0" tests="1" name="dataDrivenTesting.datafromExcel" time="8.674" errors="0" timestamp="2025-08-22T15:24:13 IST" skipped="0">
  <testcase classname="dataDrivenTesting.datafromExcel" name="excelTest" time="8.674"/>
  <system-out/>
</testsuite> <!-- dataDrivenTesting.datafromExcel -->
