<?xml version="1.0" encoding="UTF-8"?>
<!-- Generated by org.testng.reporters.JUnitReportReporter -->
<testsuite hostname="DESKTOP-BEM1QJM" failures="0" tests="1" name="webElement.Dateandtime" time="29.730" errors="0" timestamp="2025-08-07T15:53:46 IST" skipped="0">
  <testcase classname="webElement.Dateandtime" name="dateTest" time="29.730"/>
  <system-out/>
</testsuite> <!-- webElement.Dateandtime -->
