<?xml version="1.0" encoding="UTF-8"?>
<!-- Generated by org.testng.reporters.JUnitReportReporter -->
<testsuite hostname="DESKTOP-BEM1QJM" failures="0" tests="2" name="basic.Demoapps" time="8.395" errors="0" timestamp="2025-07-19T13:21:32 IST" skipped="0">
  <testcase classname="basic.Demoapps" name="loginToAppTest" time="0.002"/>
  <system-out/>
  <testcase classname="basic.Demoapps" name="DemoappsTest" time="8.393"/>
  <system-out/>
</testsuite> <!-- basic.Demoapps -->
