<?xml version="1.0" encoding="UTF-8"?>
<!-- Generated by org.testng.reporters.JUnitReportReporter -->
<testsuite hostname="DESKTOP-BEM1QJM" failures="0" tests="1" name="basic.Title" time="18.278" errors="0" timestamp="2025-07-21T15:51:46 IST" skipped="0">
  <testcase classname="basic.Title" name="titleTest" time="18.278"/>
  <system-out/>
</testsuite> <!-- basic.Title -->
