<?xml version="1.0" encoding="UTF-8"?>
<!-- Generated by org.testng.reporters.JUnitReportReporter -->
<testsuite hostname="DESKTOP-BEM1QJM" failures="0" tests="1" name="webElement.Getattribute" time="25.578" errors="0" timestamp="2025-08-06T15:09:10 IST" skipped="0">
  <testcase classname="webElement.Getattribute" name="getTextTest" time="25.578"/>
  <system-out/>
</testsuite> <!-- webElement.Getattribute -->
