<?xml version="1.0" encoding="UTF-8"?>
<!-- Generated by org.testng.reporters.JUnitReportReporter -->
<testsuite hostname="DESKTOP-BEM1QJM" failures="0" tests="1" name="practice.Webdrivermethod" time="8.713" errors="0" timestamp="2025-09-09T12:51:46 IST" skipped="0">
  <testcase classname="practice.Webdrivermethod" name="getTitle" time="8.713"/>
  <system-out/>
</testsuite> <!-- practice.Webdrivermethod -->
