<?xml version="1.0" encoding="UTF-8"?>
<!-- Generated by org.testng.reporters.JUnitReportReporter -->
<testsuite hostname="DESKTOP-BEM1QJM" failures="0" tests="1" name="javaScriptExecutor.ScrollBymethod" time="121.589" errors="0" timestamp="2025-09-08T15:18:15 IST" skipped="0">
  <testcase classname="javaScriptExecutor.ScrollBymethod" name="scrollByTest" time="121.589"/>
  <system-out/>
</testsuite> <!-- javaScriptExecutor.ScrollBymethod -->
