<?xml version="1.0" encoding="UTF-8"?>
<!-- Generated by org.testng.reporters.JUnitReportReporter -->
<testsuite hostname="DESKTOP-BEM1QJM" failures="0" tests="1" name="actionClass.Rightclick$movetoElement" time="33.704" errors="0" timestamp="2025-08-13T15:04:42 IST" skipped="0">
  <testcase classname="actionClass.Rightclick$movetoElement" name="Test" time="33.704"/>
  <system-out/>
</testsuite> <!-- actionClass.Rightclick$movetoElement -->
