<?xml version="1.0" encoding="UTF-8"?>
<!-- Generated by org.testng.reporters.JUnitReportReporter -->
<testsuite hostname="DESKTOP-BEM1QJM" failures="0" tests="1" name="basic.GetTitle" time="10.473" errors="0" timestamp="2025-09-09T12:50:51 IST" skipped="0">
  <testcase classname="basic.GetTitle" name="loginPageTest" time="10.473"/>
  <system-out/>
</testsuite> <!-- basic.GetTitle -->
