<?xml version="1.0" encoding="UTF-8"?>
<!-- Generated by org.testng.reporters.JUnitReportReporter -->
<testsuite hostname="DESKTOP-BEM1QJM" failures="0" tests="1" name="basic.Navigate" time="19.299" errors="0" timestamp="2025-07-22T15:56:10 IST" skipped="0">
  <testcase classname="basic.Navigate" name="navigateTest" time="19.299"/>
  <system-out/>
</testsuite> <!-- basic.Navigate -->
