<?xml version="1.0" encoding="UTF-8"?>
<!-- Generated by org.testng.reporters.JUnitReportReporter -->
<testsuite hostname="DESKTOP-BEM1QJM" failures="0" tests="1" name="webElement.Isenabled" time="7.018" errors="0" timestamp="2025-08-05T16:05:12 IST" skipped="0">
  <testcase classname="webElement.Isenabled" name="submit1Test" time="7.018"/>
  <system-out/>
</testsuite> <!-- webElement.Isenabled -->
