<?xml version="1.0" encoding="UTF-8"?>
<!-- Generated by org.testng.reporters.JUnitReportReporter -->
<testsuite hostname="DESKTOP-BEM1QJM" failures="0" tests="1" name="assignments.Myntra" time="25.526" errors="0" timestamp="2025-08-04T12:38:16 IST" skipped="0">
  <testcase classname="assignments.Myntra" name="mantraTest" time="25.526"/>
  <system-out/>
</testsuite> <!-- assignments.Myntra -->
