<?xml version="1.0" encoding="UTF-8"?>
<!-- Generated by org.testng.reporters.JUnitReportReporter -->
<testsuite hostname="DESKTOP-BEM1QJM" failures="0" tests="1" name="actionClass.Rightclick$dragdrop" time="64.814" errors="0" timestamp="2025-08-13T14:49:35 IST" skipped="0">
  <testcase classname="actionClass.Rightclick$dragdrop" name="dragdropTest" time="64.814"/>
  <system-out/>
</testsuite> <!-- actionClass.Rightclick$dragdrop -->
