<?xml version="1.0" encoding="UTF-8"?>
<!-- Generated by org.testng.reporters.JUnitReportReporter -->
<testsuite hostname="DESKTOP-BEM1QJM" failures="0" tests="1" name="actionClass.Rightclick$dragdrop1" time="21.155" errors="0" timestamp="2025-08-13T14:54:51 IST" skipped="0">
  <testcase classname="actionClass.Rightclick$dragdrop1" name="dragdropTest" time="21.155"/>
  <system-out/>
</testsuite> <!-- actionClass.Rightclick$dragdrop1 -->
