<?xml version="1.0" encoding="UTF-8"?>
<!-- Generated by org.testng.reporters.JUnitReportReporter -->
<testsuite hostname="DESKTOP-BEM1QJM" failures="0" tests="1" name="actionClass.Rightclick$movebyoffset" time="87.362" errors="0" timestamp="2025-08-13T15:37:58 IST" skipped="0">
  <testcase classname="actionClass.Rightclick$movebyoffset" name="Test" time="87.362"/>
  <system-out/>
</testsuite> <!-- actionClass.Rightclick$movebyoffset -->
