<?xml version="1.0" encoding="UTF-8"?>
<!-- Generated by org.testng.reporters.JUnitReportReporter -->
<testsuite hostname="DESKTOP-BEM1QJM" failures="0" tests="3" name="testNg.applicationTest" time="22.386" errors="0" timestamp="2025-08-28T14:19:03 IST" skipped="0">
  <testcase classname="testNg.applicationTest" name="amazonTest" time="7.128"/>
  <system-out/>
  <testcase classname="testNg.applicationTest" name="Flipkart" time="7.662"/>
  <system-out/>
  <testcase classname="testNg.applicationTest" name="myntra" time="7.596"/>
  <system-out/>
</testsuite> <!-- testNg.applicationTest -->
