<?xml version="1.0" encoding="UTF-8"?>
<!-- Generated by org.testng.reporters.JUnitReportReporter -->
<testsuite hostname="DESKTOP-BEM1QJM" failures="0" tests="1" name="actionClass.Rightclick$doubleclick" time="40.369" errors="0" timestamp="2025-08-13T15:46:35 IST" skipped="0">
  <testcase classname="actionClass.Rightclick$doubleclick" name="Test" time="40.369"/>
  <system-out/>
</testsuite> <!-- actionClass.Rightclick$doubleclick -->
