<?xml version="1.0" encoding="UTF-8"?>
<!-- Generated by org.testng.reporters.JUnitReportReporter -->
<testsuite hostname="DESKTOP-BEM1QJM" failures="0" tests="1" name="Keyboardactiontest1" time="284.620" errors="0" timestamp="2025-08-16T12:34:28 IST" skipped="0">
  <testcase classname="Keyboardactiontest1" name="scrollbyTest" time="284.620"/>
  <system-out/>
</testsuite> <!-- Keyboardactiontest1 -->
