<?xml version="1.0" encoding="UTF-8"?>
<!-- Generated by org.testng.reporters.JUnitReportReporter -->
<testsuite hostname="DESKTOP-BEM1QJM" failures="0" tests="1" name="dataDrivenTesting.assignment" time="7.341" errors="0" timestamp="2025-08-22T16:08:17 IST" skipped="0">
  <testcase classname="dataDrivenTesting.assignment" name="Test" time="7.341"/>
  <system-out/>
</testsuite> <!-- dataDrivenTesting.assignment -->
