<?xml version="1.0" encoding="UTF-8"?>
<!-- Generated by org.testng.reporters.JUnitReportReporter -->
<testsuite hostname="DESKTOP-BEM1QJM" failures="0" tests="1" name="lacators.IdTest" time="6.439" errors="0" timestamp="2025-07-26T16:49:00 IST" skipped="0">
  <testcase classname="lacators.IdTest" name="nameTest1" time="6.439"/>
  <system-out/>
</testsuite> <!-- lacators.IdTest -->
