<?xml version="1.0" encoding="UTF-8"?>
<!-- Generated by org.testng.reporters.JUnitReportReporter -->
<testsuite hostname="DESKTOP-BEM1QJM" failures="0" tests="1" name="webElement.Scrrenshot" time="15.719" errors="0" timestamp="2025-08-19T12:37:12 IST" skipped="0">
  <testcase classname="webElement.Scrrenshot" name="amazonweb" time="15.719"/>
  <system-out/>
</testsuite> <!-- webElement.Scrrenshot -->
