<?xml version="1.0" encoding="UTF-8"?>
<!-- Generated by org.testng.reporters.JUnitReportReporter -->
<testsuite hostname="DESKTOP-BEM1QJM" failures="0" tests="1" name="waits.latecode" time="9.556" errors="0" timestamp="2025-08-19T15:23:51 IST" skipped="0">
  <testcase classname="waits.latecode" name="latecodeTest3" time="9.556"/>
  <system-out/>
</testsuite> <!-- waits.latecode -->
