<?xml version="1.0" encoding="UTF-8"?>
<!-- Generated by org.testng.reporters.JUnitReportReporter -->
<testsuite hostname="DESKTOP-BEM1QJM" failures="0" tests="1" name="actionClass.Rightclick" time="182.878" errors="0" timestamp="2025-08-13T14:29:55 IST" skipped="0">
  <testcase classname="actionClass.Rightclick" name="rightClickTest" time="182.878"/>
  <system-out/>
</testsuite> <!-- actionClass.Rightclick -->
