<?xml version="1.0" encoding="UTF-8"?>
<!-- Generated by org.testng.reporters.JUnitReportReporter -->
<testsuite hostname="DESKTOP-BEM1QJM" failures="0" tests="1" name="javaScriptExecutor.ScrollintoViewmethods" time="12.006" errors="0" timestamp="2025-09-09T11:57:11 IST" skipped="0">
  <testcase classname="javaScriptExecutor.ScrollintoViewmethods" name="scrollIntoViewTest" time="12.006"/>
  <system-out/>
</testsuite> <!-- javaScriptExecutor.ScrollintoViewmethods -->
